[0907/150714:ERROR:process_info.cc(608)] range at 0x6e0d373400000000, size 0x224 fully unreadable
[0907/150714:ERROR:process_info.cc(608)] range at 0x6e0d379800000000, size 0x224 fully unreadable
[0907/150714:ERROR:process_info.cc(608)] range at 0x0, size 0x224 fully unreadable
[0907/150714:ERROR:process_reader_win.cc(233)] ReadMemory at 0x7ff713890000 of 64 bytes failed: Only part of a ReadProcessMemory or WriteProcessMemory request was completed. (0x12B)
[0907/150714:WARNING:pe_image_reader.cc(281)] could not read dos header from C:\Program Files (x86)\Google\Chrome\Application\chrome.exe
[0907/150714:ERROR:process_reader_win.cc(233)] ReadMemory at 0x7ff8e682e620 of 45 bytes failed: Only part of a ReadProcessMemory or WriteProcessMemory request was completed. (0x12B)
[0907/150714:WARNING:pe_image_reader.cc(155)] could not read debug directory from C:\Windows\system32\bcryptPrimitives.dll
[0907/150714:ERROR:process_reader_win.cc(233)] ReadMemory at 0x7ff8e57a0000 of 64 bytes failed: Only part of a ReadProcessMemory or WriteProcessMemory request was completed. (0x12B)
[0907/150714:WARNING:pe_image_reader.cc(281)] could not read dos header from C:\Windows\SYSTEM32\CRYPTBASE.DLL
[0907/150714:ERROR:process_reader_win.cc(233)] ReadMemory at 0x7ff8d25c0000 of 64 bytes failed: Only part of a ReadProcessMemory or WriteProcessMemory request was completed. (0x12B)
[0907/150714:WARNING:pe_image_reader.cc(281)] could not read dos header from C:\Program Files (x86)\Google\Chrome\Application\52.0.2743.116\chrome_elf.dll
[0907/150714:ERROR:process_reader_win.cc(233)] ReadMemory at 0x7ff8dc6f0000 of 64 bytes failed: Only part of a ReadProcessMemory or WriteProcessMemory request was completed. (0x12B)
[0907/150714:WARNING:pe_image_reader.cc(281)] could not read dos header from C:\Windows\SYSTEM32\VERSION.dll
[0907/150714:ERROR:process_reader_win.cc(233)] ReadMemory at 0x7ff8e6a30000 of 64 bytes failed: Only part of a ReadProcessMemory or WriteProcessMemory request was completed. (0x12B)
[0907/150714:WARNING:pe_image_reader.cc(281)] could not read dos header from C:\Windows\system32\cfgmgr32.dll
[0907/150714:ERROR:process_reader_win.cc(233)] ReadMemory at 0x7ff8e1710000 of 64 bytes failed: Only part of a ReadProcessMemory or WriteProcessMemory request was completed. (0x12B)
[0907/150714:WARNING:pe_image_reader.cc(281)] could not read dos header from C:\Windows\SYSTEM32\WINMMBASE.dll
[0907/150714:ERROR:process_reader_win.cc(233)] ReadMemory at 0x7ff8e9060000 of 64 bytes failed: Only part of a ReadProcessMemory or WriteProcessMemory request was completed. (0x12B)
[0907/150714:WARNING:pe_image_reader.cc(281)] could not read dos header from C:\Windows\system32\GDI32.dll
[0907/150714:ERROR:process_reader_win.cc(233)] ReadMemory at 0x7ff8e74c0000 of 64 bytes failed: Only part of a ReadProcessMemory or WriteProcessMemory request was completed. (0x12B)
[0907/150714:WARNING:pe_image_reader.cc(281)] could not read dos header from C:\Windows\system32\USER32.dll
[0907/150714:ERROR:process_reader_win.cc(233)] ReadMemory at 0x7ff8e76a0000 of 64 bytes failed: Only part of a ReadProcessMemory or WriteProcessMemory request was completed. (0x12B)
[0907/150714:WARNING:pe_image_reader.cc(281)] could not read dos header from C:\Windows\system32\IMM32.DLL
[0907/150714:ERROR:process_reader_win.cc(233)] ReadMemory at 0x7ff8e1770000 of 64 bytes failed: Only part of a ReadProcessMemory or WriteProcessMemory request was completed. (0x12B)
[0907/150714:WARNING:pe_image_reader.cc(281)] could not read dos header from C:\Windows\SYSTEM32\WINMM.dll
[0907/150714:ERROR:process_reader_win.cc(233)] ReadMemory at 0x7ff8e5d00000 of 64 bytes failed: Only part of a ReadProcessMemory or WriteProcessMemory request was completed. (0x12B)
[0907/150714:WARNING:pe_image_reader.cc(281)] could not read dos header from C:\Windows\system32\profapi.dll
[0907/150714:ERROR:process_reader_win.cc(233)] ReadMemory at 0x7ff8e5460000 of 64 bytes failed: Only part of a ReadProcessMemory or WriteProcessMemory request was completed. (0x12B)
[0907/150714:WARNING:pe_image_reader.cc(281)] could not read dos header from C:\Windows\SYSTEM32\USERENV.dll
[0907/150714:ERROR:process_reader_win.cc(233)] ReadMemory at 0x7ff8e4060000 of 64 bytes failed: Only part of a ReadProcessMemory or WriteProcessMemory request was completed. (0x12B)
[0907/150714:WARNING:pe_image_reader.cc(281)] could not read dos header from C:\Windows\SYSTEM32\WTSAPI32.dll
[0907/150714:ERROR:process_reader_win.cc(233)] ReadMemory at 0x7ff8e33e0000 of 64 bytes failed: Only part of a ReadProcessMemory or WriteProcessMemory request was completed. (0x12B)
[0907/150714:WARNING:pe_image_reader.cc(281)] could not read dos header from C:\Windows\SYSTEM32\WINHTTP.dll
[0907/150714:ERROR:process_reader_win.cc(233)] ReadMemory at 0x7ff8e7870000 of 64 bytes failed: Only part of a ReadProcessMemory or WriteProcessMemory request was completed. (0x12B)
[0907/150714:WARNING:pe_image_reader.cc(281)] could not read dos header from C:\Windows\system32\combase.dll
[0907/150714:ERROR:process_reader_win.cc(233)] ReadMemory at 0x7ff8e7740000 of 64 bytes failed: Only part of a ReadProcessMemory or WriteProcessMemory request was completed. (0x12B)
[0907/150714:WARNING:pe_image_reader.cc(281)] could not read dos header from C:\Windows\system32\shlwapi.dll
[0907/150714:ERROR:process_reader_win.cc(233)] ReadMemory at 0x7ff8e5d80000 of 64 bytes failed: Only part of a ReadProcessMemory or WriteProcessMemory request was completed. (0x12B)
[0907/150714:WARNING:pe_image_reader.cc(281)] could not read dos header from C:\Windows\system32\kernel.appcore.dll
[0907/150714:ERROR:process_reader_win.cc(233)] ReadMemory at 0x7ff8e5d90000 of 64 bytes failed: Only part of a ReadProcessMemory or WriteProcessMemory request was completed. (0x12B)
[0907/150714:WARNING:pe_image_reader.cc(281)] could not read dos header from C:\Windows\system32\shcore.dll
[0907/150714:ERROR:process_reader_win.cc(233)] ReadMemory at 0x7ff8e5d20000 of 64 bytes failed: Only part of a ReadProcessMemory or WriteProcessMemory request was completed. (0x12B)
[0907/150714:WARNING:pe_image_reader.cc(281)] could not read dos header from C:\Windows\system32\powrprof.dll
[0907/150714:ERROR:process_reader_win.cc(233)] ReadMemory at 0x7ff8e5ee0000 of 64 bytes failed: Only part of a ReadProcessMemory or WriteProcessMemory request was completed. (0x12B)
[0907/150714:WARNING:pe_image_reader.cc(281)] could not read dos header from C:\Windows\system32\windows.storage.dll
[0907/150714:ERROR:process_reader_win.cc(233)] ReadMemory at 0x7ff8e7af0000 of 64 bytes failed: Only part of a ReadProcessMemory or WriteProcessMemory request was completed. (0x12B)
[0907/150714:WARNING:pe_image_reader.cc(281)] could not read dos header from C:\Windows\system32\SHELL32.dll
[0907/150714:ERROR:process_reader_win.cc(233)] ReadMemory at 0x7ff8e7620000 of 64 bytes failed: Only part of a ReadProcessMemory or WriteProcessMemory request was completed. (0x12B)
[0907/150714:WARNING:pe_image_reader.cc(281)] could not read dos header from C:\Windows\system32\PSAPI.DLL
[0907/150714:ERROR:process_reader_win.cc(233)] ReadMemory at 0x7ff8e5b90000 of 64 bytes failed: Only part of a ReadProcessMemory or WriteProcessMemory request was completed. (0x12B)
[0907/150714:WARNING:pe_image_reader.cc(281)] could not read dos header from C:\Windows\SYSTEM32\bcrypt.dll
[0907/150714:ERROR:process_reader_win.cc(233)] ReadMemory at 0x7ff8ddaf0000 of 64 bytes failed: Only part of a ReadProcessMemory or WriteProcessMemory request was completed. (0x12B)
[0907/150714:WARNING:pe_image_reader.cc(281)] could not read dos header from C:\Windows\SYSTEM32\WINSPOOL.DRV
[0907/150714:ERROR:process_reader_win.cc(233)] ReadMemory at 0x7ff8d8300000 of 64 bytes failed: Only part of a ReadProcessMemory or WriteProcessMemory request was completed. (0x12B)
[0907/150714:WARNING:pe_image_reader.cc(281)] could not read dos header from C:\Windows\WinSxS\amd64_microsoft.windows.common-controls_6595b64144ccf1df_6.0.10586.494_none_a2d8b04ea53e3145\COMCTL32.dll
[0907/150714:ERROR:process_reader_win.cc(233)] ReadMemory at 0x7ff8e5e50000 of 64 bytes failed: Only part of a ReadProcessMemory or WriteProcessMemory request was completed. (0x12B)
[0907/150714:WARNING:pe_image_reader.cc(281)] could not read dos header from C:\Windows\system32\FirewallAPI.dll
[0907/150714:ERROR:process_reader_win.cc(233)] ReadMemory at 0x7ff8e4850000 of 64 bytes failed: Only part of a ReadProcessMemory or WriteProcessMemory request was completed. (0x12B)
[0907/150714:WARNING:pe_image_reader.cc(281)] could not read dos header from C:\Windows\system32\fwbase.dll
[0907/150714:ERROR:process_reader_win.cc(233)] ReadMemory at 0x7ff8e6530000 of 64 bytes failed: Only part of a ReadProcessMemory or WriteProcessMemory request was completed. (0x12B)
[0907/150714:WARNING:pe_image_reader.cc(281)] could not read dos header from C:\Windows\system32\NETAPI32.dll
[0907/150714:ERROR:process_reader_win.cc(233)] ReadMemory at 0x7ff8e2810000 of 64 bytes failed: Only part of a ReadProcessMemory or WriteProcessMemory request was completed. (0x12B)
[0907/150714:WARNING:pe_image_reader.cc(281)] could not read dos header from C:\Windows\SYSTEM32\DAVHLPR.DLL
[0907/150714:ERROR:process_reader_win.cc(233)] ReadMemory at 0x7ff8e7040000 of 64 bytes failed: Only part of a ReadProcessMemory or WriteProcessMemory request was completed. (0x12B)
[0907/150714:WARNING:pe_image_reader.cc(281)] could not read dos header from C:\Windows\system32\COMDLG32.dll
[0907/150714:ERROR:process_reader_win.cc(233)] ReadMemory at 0x7ff8e72a0000 of 64 bytes failed: Only part of a ReadProcessMemory or WriteProcessMemory request was completed. (0x12B)
[0907/150714:WARNING:pe_image_reader.cc(281)] could not read dos header from C:\Windows\system32\ole32.dll
[0907/150714:ERROR:process_reader_win.cc(233)] ReadMemory at 0x7ff8e77a0000 of 64 bytes failed: Only part of a ReadProcessMemory or WriteProcessMemory request was completed. (0x12B)
[0907/150714:WARNING:pe_image_reader.cc(281)] could not read dos header from C:\Windows\system32\OLEAUT32.dll
[0907/150714:ERROR:process_reader_win.cc(233)] ReadMemory at 0x7ff8e37b0000 of 64 bytes failed: Only part of a ReadProcessMemory or WriteProcessMemory request was completed. (0x12B)
[0907/150714:WARNING:pe_image_reader.cc(281)] could not read dos header from C:\Windows\SYSTEM32\IPHLPAPI.DLL
[0907/150714:ERROR:process_reader_win.cc(233)] ReadMemory at 0x7ff8e7630000 of 64 bytes failed: Only part of a ReadProcessMemory or WriteProcessMemory request was completed. (0x12B)
[0907/150714:WARNING:pe_image_reader.cc(281)] could not read dos header from C:\Windows\system32\WS2_32.dll
[0907/150714:ERROR:process_reader_win.cc(233)] ReadMemory at 0x7ff8db270000 of 64 bytes failed: Only part of a ReadProcessMemory or WriteProcessMemory request was completed. (0x12B)
[0907/150714:WARNING:pe_image_reader.cc(281)] could not read dos header from C:\Windows\SYSTEM32\USP10.dll
[0907/150714:ERROR:process_reader_win.cc(233)] ReadMemory at 0x7ff8e5d70000 of 64 bytes failed: Only part of a ReadProcessMemory or WriteProcessMemory request was completed. (0x12B)
[0907/150714:WARNING:pe_image_reader.cc(281)] could not read dos header from C:\Windows\system32\MSASN1.dll
[0907/150714:ERROR:process_reader_win.cc(233)] ReadMemory at 0x7ff8e6600000 of 64 bytes failed: Only part of a ReadProcessMemory or WriteProcessMemory request was completed. (0x12B)
[0907/150714:WARNING:pe_image_reader.cc(281)] could not read dos header from C:\Windows\system32\CRYPT32.dll
[0907/150714:ERROR:process_reader_win.cc(233)] ReadMemory at 0x7ff8e6a80000 of 64 bytes failed: Only part of a ReadProcessMemory or WriteProcessMemory request was completed. (0x12B)
[0907/150714:WARNING:pe_image_reader.cc(281)] could not read dos header from C:\Windows\system32\WINTRUST.dll
[0907/150714:ERROR:process_reader_win.cc(233)] ReadMemory at 0x7ff8e3740000 of 64 bytes failed: Only part of a ReadProcessMemory or WriteProcessMemory request was completed. (0x12B)
[0907/150714:WARNING:pe_image_reader.cc(281)] could not read dos header from C:\Windows\SYSTEM32\Secur32.dll
[0907/150714:ERROR:process_reader_win.cc(233)] ReadMemory at 0x7ff8e59e0000 of 64 bytes failed: Only part of a ReadProcessMemory or WriteProcessMemory request was completed. (0x12B)
[0907/150714:WARNING:pe_image_reader.cc(281)] could not read dos header from C:\Windows\SYSTEM32\SSPICLI.DLL
[0907/150714:ERROR:process_reader_win.cc(233)] ReadMemory at 0x7ff8bf710000 of 64 bytes failed: Only part of a ReadProcessMemory or WriteProcessMemory request was completed. (0x12B)
[0907/150714:WARNING:pe_image_reader.cc(281)] could not read dos header from C:\Program Files (x86)\Google\Chrome\Application\52.0.2743.116\chrome_child.dll
[0907/150714:ERROR:process_reader_win.cc(233)] ReadMemory at 0x7ff8ded10000 of 64 bytes failed: Only part of a ReadProcessMemory or WriteProcessMemory request was completed. (0x12B)
[0907/150714:WARNING:pe_image_reader.cc(281)] could not read dos header from C:\Windows\SYSTEM32\dwrite.dll
[0907/150714:ERROR:process_reader_win.cc(233)] ReadMemory at 0x7ff8e9825340 of 6656 bytes failed: Only part of a ReadProcessMemory or WriteProcessMemory request was completed. (0x12B)
[0907/150714:ERROR:process_reader_win.cc(233)] ReadMemory at 0x7ff713890000 of 64 bytes failed: Only part of a ReadProcessMemory or WriteProcessMemory request was completed. (0x12B)
[0907/150714:WARNING:pe_image_reader.cc(281)] could not read dos header from C:\Program Files (x86)\Google\Chrome\Application\chrome.exe
[0907/150714:ERROR:process_reader_win.cc(233)] ReadMemory at 0x7ff8e96e0000 of 64 bytes failed: Only part of a ReadProcessMemory or WriteProcessMemory request was completed. (0x12B)
[0907/150714:WARNING:pe_image_reader.cc(281)] could not read dos header from C:\Windows\SYSTEM32\ntdll.dll
[0907/150714:ERROR:process_reader_win.cc(233)] ReadMemory at 0x7ff8e6840000 of 64 bytes failed: Only part of a ReadProcessMemory or WriteProcessMemory request was completed. (0x12B)
[0907/150714:WARNING:pe_image_reader.cc(281)] could not read dos header from C:\Windows\system32\KERNELBASE.dll
[0907/150714:ERROR:process_reader_win.cc(233)] ReadMemory at 0x7ff8e7150000 of 64 bytes failed: Only part of a ReadProcessMemory or WriteProcessMemory request was completed. (0x12B)
[0907/150714:WARNING:pe_image_reader.cc(281)] could not read dos header from C:\Windows\system32\KERNEL32.DLL
[0907/150714:ERROR:process_reader_win.cc(233)] ReadMemory at 0x7ff8e7200000 of 64 bytes failed: Only part of a ReadProcessMemory or WriteProcessMemory request was completed. (0x12B)
[0907/150714:WARNING:pe_image_reader.cc(281)] could not read dos header from C:\Windows\system32\msvcrt.dll
[0907/150714:ERROR:process_reader_win.cc(233)] ReadMemory at 0x7ff8e95b0000 of 64 bytes failed: Only part of a ReadProcessMemory or WriteProcessMemory request was completed. (0x12B)
[0907/150714:WARNING:pe_image_reader.cc(281)] could not read dos header from C:\Windows\system32\RPCRT4.dll
[0907/150714:ERROR:process_reader_win.cc(233)] ReadMemory at 0x7ff8e6b00000 of 64 bytes failed: Only part of a ReadProcessMemory or WriteProcessMemory request was completed. (0x12B)
[0907/150714:WARNING:pe_image_reader.cc(281)] could not read dos header from C:\Windows\system32\sechost.dll
[0907/150714:ERROR:process_reader_win.cc(233)] ReadMemory at 0x7ff8e6b60000 of 64 bytes failed: Only part of a ReadProcessMemory or WriteProcessMemory request was completed. (0x12B)
[0907/150714:WARNING:pe_image_reader.cc(281)] could not read dos header from C:\Windows\system32\ADVAPI32.dll
[0907/150714:ERROR:process_reader_win.cc(233)] ReadMemory at 0x7ff8e67d0000 of 64 bytes failed: Only part of a ReadProcessMemory or WriteProcessMemory request was completed. (0x12B)
[0907/150714:WARNING:pe_image_reader.cc(281)] could not read dos header from C:\Windows\system32\bcryptPrimitives.dll
[0907/150714:ERROR:process_reader_win.cc(233)] ReadMemory at 0x7ff8e57a0000 of 64 bytes failed: Only part of a ReadProcessMemory or WriteProcessMemory request was completed. (0x12B)
[0907/150714:WARNING:pe_image_reader.cc(281)] could not read dos header from C:\Windows\SYSTEM32\CRYPTBASE.DLL
[0907/150714:ERROR:process_reader_win.cc(233)] ReadMemory at 0x7ff8d25c0000 of 64 bytes failed: Only part of a ReadProcessMemory or WriteProcessMemory request was completed. (0x12B)
[0907/150714:WARNING:pe_image_reader.cc(281)] could not read dos header from C:\Program Files (x86)\Google\Chrome\Application\52.0.2743.116\chrome_elf.dll
[0907/150714:ERROR:process_reader_win.cc(233)] ReadMemory at 0x7ff8dc6f0000 of 64 bytes failed: Only part of a ReadProcessMemory or WriteProcessMemory request was completed. (0x12B)
[0907/150714:WARNING:pe_image_reader.cc(281)] could not read dos header from C:\Windows\SYSTEM32\VERSION.dll
[0907/150714:ERROR:process_reader_win.cc(233)] ReadMemory at 0x7ff8e6a30000 of 64 bytes failed: Only part of a ReadProcessMemory or WriteProcessMemory request was completed. (0x12B)
[0907/150714:WARNING:pe_image_reader.cc(281)] could not read dos header from C:\Windows\system32\cfgmgr32.dll
[0907/150714:ERROR:process_reader_win.cc(233)] ReadMemory at 0x7ff8e1710000 of 64 bytes failed: Only part of a ReadProcessMemory or WriteProcessMemory request was completed. (0x12B)
[0907/150714:WARNING:pe_image_reader.cc(281)] could not read dos header from C:\Windows\SYSTEM32\WINMMBASE.dll
[0907/150714:ERROR:process_reader_win.cc(233)] ReadMemory at 0x7ff8e9060000 of 64 bytes failed: Only part of a ReadProcessMemory or WriteProcessMemory request was completed. (0x12B)
[0907/150714:WARNING:pe_image_reader.cc(281)] could not read dos header from C:\Windows\system32\GDI32.dll
[0907/150714:ERROR:process_reader_win.cc(233)] ReadMemory at 0x7ff8e74c0000 of 64 bytes failed: Only part of a ReadProcessMemory or WriteProcessMemory request was completed. (0x12B)
[0907/150714:WARNING:pe_image_reader.cc(281)] could not read dos header from C:\Windows\system32\USER32.dll
[0907/150714:ERROR:process_reader_win.cc(233)] ReadMemory at 0x7ff8e76a0000 of 64 bytes failed: Only part of a ReadProcessMemory or WriteProcessMemory request was completed. (0x12B)
[0907/150714:WARNING:pe_image_reader.cc(281)] could not read dos header from C:\Windows\system32\IMM32.DLL
[0907/150714:ERROR:process_reader_win.cc(233)] ReadMemory at 0x7ff8e1770000 of 64 bytes failed: Only part of a ReadProcessMemory or WriteProcessMemory request was completed. (0x12B)
[0907/150714:WARNING:pe_image_reader.cc(281)] could not read dos header from C:\Windows\SYSTEM32\WINMM.dll
[0907/150714:ERROR:process_reader_win.cc(233)] ReadMemory at 0x7ff8e5d00000 of 64 bytes failed: Only part of a ReadProcessMemory or WriteProcessMemory request was completed. (0x12B)
[0907/150714:WARNING:pe_image_reader.cc(281)] could not read dos header from C:\Windows\system32\profapi.dll
[0907/150714:ERROR:process_reader_win.cc(233)] ReadMemory at 0x7ff8e5460000 of 64 bytes failed: Only part of a ReadProcessMemory or WriteProcessMemory request was completed. (0x12B)
[0907/150714:WARNING:pe_image_reader.cc(281)] could not read dos header from C:\Windows\SYSTEM32\USERENV.dll
[0907/150714:ERROR:process_reader_win.cc(233)] ReadMemory at 0x7ff8e4060000 of 64 bytes failed: Only part of a ReadProcessMemory or WriteProcessMemory request was completed. (0x12B)
[0907/150714:WARNING:pe_image_reader.cc(281)] could not read dos header from C:\Windows\SYSTEM32\WTSAPI32.dll
[0907/150714:ERROR:process_reader_win.cc(233)] ReadMemory at 0x7ff8e33e0000 of 64 bytes failed: Only part of a ReadProcessMemory or WriteProcessMemory request was completed. (0x12B)
[0907/150714:WARNING:pe_image_reader.cc(281)] could not read dos header from C:\Windows\SYSTEM32\WINHTTP.dll
[0907/150714:ERROR:process_reader_win.cc(233)] ReadMemory at 0x7ff8e7870000 of 64 bytes failed: Only part of a ReadProcessMemory or WriteProcessMemory request was completed. (0x12B)
[0907/150714:WARNING:pe_image_reader.cc(281)] could not read dos header from C:\Windows\system32\combase.dll
[0907/150714:ERROR:process_reader_win.cc(233)] ReadMemory at 0x7ff8e7740000 of 64 bytes failed: Only part of a ReadProcessMemory or WriteProcessMemory request was completed. (0x12B)
[0907/150714:WARNING:pe_image_reader.cc(281)] could not read dos header from C:\Windows\system32\shlwapi.dll
[0907/150714:ERROR:process_reader_win.cc(233)] ReadMemory at 0x7ff8e5d80000 of 64 bytes failed: Only part of a ReadProcessMemory or WriteProcessMemory request was completed. (0x12B)
[0907/150714:WARNING:pe_image_reader.cc(281)] could not read dos header from C:\Windows\system32\kernel.appcore.dll
[0907/150714:ERROR:process_reader_win.cc(233)] ReadMemory at 0x7ff8e5d90000 of 64 bytes failed: Only part of a ReadProcessMemory or WriteProcessMemory request was completed. (0x12B)
[0907/150714:WARNING:pe_image_reader.cc(281)] could not read dos header from C:\Windows\system32\shcore.dll
[0907/150714:ERROR:process_reader_win.cc(233)] ReadMemory at 0x7ff8e5d20000 of 64 bytes failed: Only part of a ReadProcessMemory or WriteProcessMemory request was completed. (0x12B)
[0907/150714:WARNING:pe_image_reader.cc(281)] could not read dos header from C:\Windows\system32\powrprof.dll
[0907/150714:ERROR:process_reader_win.cc(233)] ReadMemory at 0x7ff8e5ee0000 of 64 bytes failed: Only part of a ReadProcessMemory or WriteProcessMemory request was completed. (0x12B)
[0907/150714:WARNING:pe_image_reader.cc(281)] could not read dos header from C:\Windows\system32\windows.storage.dll
[0907/150714:ERROR:process_reader_win.cc(233)] ReadMemory at 0x7ff8e7af0000 of 64 bytes failed: Only part of a ReadProcessMemory or WriteProcessMemory request was completed. (0x12B)
[0907/150714:WARNING:pe_image_reader.cc(281)] could not read dos header from C:\Windows\system32\SHELL32.dll
[0907/150714:ERROR:process_reader_win.cc(233)] ReadMemory at 0x7ff8e7620000 of 64 bytes failed: Only part of a ReadProcessMemory or WriteProcessMemory request was completed. (0x12B)
[0907/150714:WARNING:pe_image_reader.cc(281)] could not read dos header from C:\Windows\system32\PSAPI.DLL
[0907/150714:ERROR:process_reader_win.cc(233)] ReadMemory at 0x7ff8e5b90000 of 64 bytes failed: Only part of a ReadProcessMemory or WriteProcessMemory request was completed. (0x12B)
[0907/150714:WARNING:pe_image_reader.cc(281)] could not read dos header from C:\Windows\SYSTEM32\bcrypt.dll
[0907/150714:ERROR:process_reader_win.cc(233)] ReadMemory at 0x7ff8ddaf0000 of 64 bytes failed: Only part of a ReadProcessMemory or WriteProcessMemory request was completed. (0x12B)
[0907/150714:WARNING:pe_image_reader.cc(281)] could not read dos header from C:\Windows\SYSTEM32\WINSPOOL.DRV
[0907/150714:ERROR:process_reader_win.cc(233)] ReadMemory at 0x7ff8d8300000 of 64 bytes failed: Only part of a ReadProcessMemory or WriteProcessMemory request was completed. (0x12B)
[0907/150714:WARNING:pe_image_reader.cc(281)] could not read dos header from C:\Windows\WinSxS\amd64_microsoft.windows.common-controls_6595b64144ccf1df_6.0.10586.494_none_a2d8b04ea53e3145\COMCTL32.dll
[0907/150714:ERROR:process_reader_win.cc(233)] ReadMemory at 0x7ff8e5e50000 of 64 bytes failed: Only part of a ReadProcessMemory or WriteProcessMemory request was completed. (0x12B)
[0907/150714:WARNING:pe_image_reader.cc(281)] could not read dos header from C:\Windows\system32\FirewallAPI.dll
[0907/150714:ERROR:process_reader_win.cc(233)] ReadMemory at 0x7ff8e4850000 of 64 bytes failed: Only part of a ReadProcessMemory or WriteProcessMemory request was completed. (0x12B)
[0907/150714:WARNING:pe_image_reader.cc(281)] could not read dos header from C:\Windows\system32\fwbase.dll
[0907/150714:ERROR:process_reader_win.cc(233)] ReadMemory at 0x7ff8e6530000 of 64 bytes failed: Only part of a ReadProcessMemory or WriteProcessMemory request was completed. (0x12B)
[0907/150714:WARNING:pe_image_reader.cc(281)] could not read dos header from C:\Windows\system32\NETAPI32.dll
[0907/150714:ERROR:process_reader_win.cc(233)] ReadMemory at 0x7ff8e2810000 of 64 bytes failed: Only part of a ReadProcessMemory or WriteProcessMemory request was completed. (0x12B)
[0907/150714:WARNING:pe_image_reader.cc(281)] could not read dos header from C:\Windows\SYSTEM32\DAVHLPR.DLL
[0907/150714:ERROR:process_reader_win.cc(233)] ReadMemory at 0x7ff8e7040000 of 64 bytes failed: Only part of a ReadProcessMemory or WriteProcessMemory request was completed. (0x12B)
[0907/150714:WARNING:pe_image_reader.cc(281)] could not read dos header from C:\Windows\system32\COMDLG32.dll
[0907/150714:ERROR:process_reader_win.cc(233)] ReadMemory at 0x7ff8e72a0000 of 64 bytes failed: Only part of a ReadProcessMemory or WriteProcessMemory request was completed. (0x12B)
[0907/150714:WARNING:pe_image_reader.cc(281)] could not read dos header from C:\Windows\system32\ole32.dll
[0907/150714:ERROR:process_reader_win.cc(233)] ReadMemory at 0x7ff8e77a0000 of 64 bytes failed: Only part of a ReadProcessMemory or WriteProcessMemory request was completed. (0x12B)
[0907/150714:WARNING:pe_image_reader.cc(281)] could not read dos header from C:\Windows\system32\OLEAUT32.dll
[0907/150714:ERROR:process_reader_win.cc(233)] ReadMemory at 0x7ff8e37b0000 of 64 bytes failed: Only part of a ReadProcessMemory or WriteProcessMemory request was completed. (0x12B)
[0907/150714:WARNING:pe_image_reader.cc(281)] could not read dos header from C:\Windows\SYSTEM32\IPHLPAPI.DLL
[0907/150714:ERROR:process_reader_win.cc(233)] ReadMemory at 0x7ff8e7630000 of 64 bytes failed: Only part of a ReadProcessMemory or WriteProcessMemory request was completed. (0x12B)
[0907/150714:WARNING:pe_image_reader.cc(281)] could not read dos header from C:\Windows\system32\WS2_32.dll
[0907/150714:ERROR:process_reader_win.cc(233)] ReadMemory at 0x7ff8db270000 of 64 bytes failed: Only part of a ReadProcessMemory or WriteProcessMemory request was completed. (0x12B)
[0907/150714:WARNING:pe_image_reader.cc(281)] could not read dos header from C:\Windows\SYSTEM32\USP10.dll
[0907/150714:ERROR:process_reader_win.cc(233)] ReadMemory at 0x7ff8e5d70000 of 64 bytes failed: Only part of a ReadProcessMemory or WriteProcessMemory request was completed. (0x12B)
[0907/150714:WARNING:pe_image_reader.cc(281)] could not read dos header from C:\Windows\system32\MSASN1.dll
[0907/150714:ERROR:process_reader_win.cc(233)] ReadMemory at 0x7ff8e6600000 of 64 bytes failed: Only part of a ReadProcessMemory or WriteProcessMemory request was completed. (0x12B)
[0907/150714:WARNING:pe_image_reader.cc(281)] could not read dos header from C:\Windows\system32\CRYPT32.dll
[0907/150714:ERROR:process_reader_win.cc(233)] ReadMemory at 0x7ff8e6a80000 of 64 bytes failed: Only part of a ReadProcessMemory or WriteProcessMemory request was completed. (0x12B)
[0907/150714:WARNING:pe_image_reader.cc(281)] could not read dos header from C:\Windows\system32\WINTRUST.dll
[0907/150714:ERROR:process_reader_win.cc(233)] ReadMemory at 0x7ff8e3740000 of 64 bytes failed: Only part of a ReadProcessMemory or WriteProcessMemory request was completed. (0x12B)
[0907/150714:WARNING:pe_image_reader.cc(281)] could not read dos header from C:\Windows\SYSTEM32\Secur32.dll
[0907/150714:ERROR:process_reader_win.cc(233)] ReadMemory at 0x7ff8e59e0000 of 64 bytes failed: Only part of a ReadProcessMemory or WriteProcessMemory request was completed. (0x12B)
[0907/150714:WARNING:pe_image_reader.cc(281)] could not read dos header from C:\Windows\SYSTEM32\SSPICLI.DLL
[0907/150714:ERROR:process_reader_win.cc(233)] ReadMemory at 0x7ff8bf710000 of 64 bytes failed: Only part of a ReadProcessMemory or WriteProcessMemory request was completed. (0x12B)
[0907/150714:WARNING:pe_image_reader.cc(281)] could not read dos header from C:\Program Files (x86)\Google\Chrome\Application\52.0.2743.116\chrome_child.dll
[0907/150714:ERROR:process_reader_win.cc(233)] ReadMemory at 0x7ff8ded10000 of 64 bytes failed: Only part of a ReadProcessMemory or WriteProcessMemory request was completed. (0x12B)
[0907/150714:WARNING:pe_image_reader.cc(281)] could not read dos header from C:\Windows\SYSTEM32\dwrite.dll
[0907/150714:ERROR:process_reader_win.cc(99)] process 1444 not found
[0907/150714:ERROR:process_reader_win.cc(233)] ReadMemory at 0x7ff713890000 of 64 bytes failed: Only part of a ReadProcessMemory or WriteProcessMemory request was completed. (0x12B)
[0907/150714:WARNING:pe_image_reader.cc(281)] could not read dos header from C:\Program Files (x86)\Google\Chrome\Application\chrome.exe
[0907/150714:ERROR:process_reader_win.cc(233)] ReadMemory at 0x7ff8e96e0000 of 64 bytes failed: Only part of a ReadProcessMemory or WriteProcessMemory request was completed. (0x12B)
[0907/150714:WARNING:pe_image_reader.cc(281)] could not read dos header from C:\Windows\SYSTEM32\ntdll.dll
[0907/150714:ERROR:process_reader_win.cc(233)] ReadMemory at 0x7ff8e6840000 of 64 bytes failed: Only part of a ReadProcessMemory or WriteProcessMemory request was completed. (0x12B)
[0907/150714:WARNING:pe_image_reader.cc(281)] could not read dos header from C:\Windows\system32\KERNELBASE.dll
[0907/150714:ERROR:process_reader_win.cc(233)] ReadMemory at 0x7ff8e7150000 of 64 bytes failed: Only part of a ReadProcessMemory or WriteProcessMemory request was completed. (0x12B)
[0907/150714:WARNING:pe_image_reader.cc(281)] could not read dos header from C:\Windows\system32\KERNEL32.DLL
[0907/150714:ERROR:process_reader_win.cc(233)] ReadMemory at 0x7ff8e7200000 of 64 bytes failed: Only part of a ReadProcessMemory or WriteProcessMemory request was completed. (0x12B)
[0907/150714:WARNING:pe_image_reader.cc(281)] could not read dos header from C:\Windows\system32\msvcrt.dll
[0907/150714:ERROR:process_reader_win.cc(233)] ReadMemory at 0x7ff8e95b0000 of 64 bytes failed: Only part of a ReadProcessMemory or WriteProcessMemory request was completed. (0x12B)
[0907/150714:WARNING:pe_image_reader.cc(281)] could not read dos header from C:\Windows\system32\RPCRT4.dll
[0907/150714:ERROR:process_reader_win.cc(233)] ReadMemory at 0x7ff8e6b00000 of 64 bytes failed: Only part of a ReadProcessMemory or WriteProcessMemory request was completed. (0x12B)
[0907/150714:WARNING:pe_image_reader.cc(281)] could not read dos header from C:\Windows\system32\sechost.dll
[0907/150714:ERROR:process_reader_win.cc(233)] ReadMemory at 0x7ff8e6b60000 of 64 bytes failed: Only part of a ReadProcessMemory or WriteProcessMemory request was completed. (0x12B)
[0907/150714:WARNING:pe_image_reader.cc(281)] could not read dos header from C:\Windows\system32\ADVAPI32.dll
[0907/150714:ERROR:process_reader_win.cc(233)] ReadMemory at 0x7ff8e67d0000 of 64 bytes failed: Only part of a ReadProcessMemory or WriteProcessMemory request was completed. (0x12B)
[0907/150714:WARNING:pe_image_reader.cc(281)] could not read dos header from C:\Windows\system32\bcryptPrimitives.dll
[0907/150714:ERROR:process_reader_win.cc(233)] ReadMemory at 0x7ff8e57a0000 of 64 bytes failed: Only part of a ReadProcessMemory or WriteProcessMemory request was completed. (0x12B)
[0907/150714:WARNING:pe_image_reader.cc(281)] could not read dos header from C:\Windows\SYSTEM32\CRYPTBASE.DLL
[0907/150714:ERROR:process_reader_win.cc(233)] ReadMemory at 0x7ff8d25c0000 of 64 bytes failed: Only part of a ReadProcessMemory or WriteProcessMemory request was completed. (0x12B)
[0907/150714:WARNING:pe_image_reader.cc(281)] could not read dos header from C:\Program Files (x86)\Google\Chrome\Application\52.0.2743.116\chrome_elf.dll
[0907/150714:ERROR:process_reader_win.cc(233)] ReadMemory at 0x7ff8dc6f0000 of 64 bytes failed: Only part of a ReadProcessMemory or WriteProcessMemory request was completed. (0x12B)
[0907/150714:WARNING:pe_image_reader.cc(281)] could not read dos header from C:\Windows\SYSTEM32\VERSION.dll
[0907/150714:ERROR:process_reader_win.cc(233)] ReadMemory at 0x7ff8e6a30000 of 64 bytes failed: Only part of a ReadProcessMemory or WriteProcessMemory request was completed. (0x12B)
[0907/150714:WARNING:pe_image_reader.cc(281)] could not read dos header from C:\Windows\system32\cfgmgr32.dll
[0907/150714:ERROR:process_reader_win.cc(233)] ReadMemory at 0x7ff8e1710000 of 64 bytes failed: Only part of a ReadProcessMemory or WriteProcessMemory request was completed. (0x12B)
[0907/150714:WARNING:pe_image_reader.cc(281)] could not read dos header from C:\Windows\SYSTEM32\WINMMBASE.dll
[0907/150714:ERROR:process_reader_win.cc(233)] ReadMemory at 0x7ff8e9060000 of 64 bytes failed: Only part of a ReadProcessMemory or WriteProcessMemory request was completed. (0x12B)
[0907/150714:WARNING:pe_image_reader.cc(281)] could not read dos header from C:\Windows\system32\GDI32.dll
[0907/150714:ERROR:process_reader_win.cc(233)] ReadMemory at 0x7ff8e74c0000 of 64 bytes failed: Only part of a ReadProcessMemory or WriteProcessMemory request was completed. (0x12B)
[0907/150714:WARNING:pe_image_reader.cc(281)] could not read dos header from C:\Windows\system32\USER32.dll
[0907/150714:ERROR:process_reader_win.cc(233)] ReadMemory at 0x7ff8e76a0000 of 64 bytes failed: Only part of a ReadProcessMemory or WriteProcessMemory request was completed. (0x12B)
[0907/150714:WARNING:pe_image_reader.cc(281)] could not read dos header from C:\Windows\system32\IMM32.DLL
[0907/150714:ERROR:process_reader_win.cc(233)] ReadMemory at 0x7ff8e1770000 of 64 bytes failed: Only part of a ReadProcessMemory or WriteProcessMemory request was completed. (0x12B)
[0907/150714:WARNING:pe_image_reader.cc(281)] could not read dos header from C:\Windows\SYSTEM32\WINMM.dll
[0907/150714:ERROR:process_reader_win.cc(233)] ReadMemory at 0x7ff8e5d00000 of 64 bytes failed: Only part of a ReadProcessMemory or WriteProcessMemory request was completed. (0x12B)
[0907/150714:WARNING:pe_image_reader.cc(281)] could not read dos header from C:\Windows\system32\profapi.dll
[0907/150714:ERROR:process_reader_win.cc(233)] ReadMemory at 0x7ff8e5460000 of 64 bytes failed: Only part of a ReadProcessMemory or WriteProcessMemory request was completed. (0x12B)
[0907/150714:WARNING:pe_image_reader.cc(281)] could not read dos header from C:\Windows\SYSTEM32\USERENV.dll
[0907/150714:ERROR:process_reader_win.cc(233)] ReadMemory at 0x7ff8e4060000 of 64 bytes failed: Only part of a ReadProcessMemory or WriteProcessMemory request was completed. (0x12B)
[0907/150714:WARNING:pe_image_reader.cc(281)] could not read dos header from C:\Windows\SYSTEM32\WTSAPI32.dll
[0907/150714:ERROR:process_reader_win.cc(233)] ReadMemory at 0x7ff8e33e0000 of 64 bytes failed: Only part of a ReadProcessMemory or WriteProcessMemory request was completed. (0x12B)
[0907/150714:WARNING:pe_image_reader.cc(281)] could not read dos header from C:\Windows\SYSTEM32\WINHTTP.dll
[0907/150714:ERROR:process_reader_win.cc(233)] ReadMemory at 0x7ff8e7870000 of 64 bytes failed: Only part of a ReadProcessMemory or WriteProcessMemory request was completed. (0x12B)
[0907/150714:WARNING:pe_image_reader.cc(281)] could not read dos header from C:\Windows\system32\combase.dll
[0907/150714:ERROR:process_reader_win.cc(233)] ReadMemory at 0x7ff8e7740000 of 64 bytes failed: Only part of a ReadProcessMemory or WriteProcessMemory request was completed. (0x12B)
[0907/150714:WARNING:pe_image_reader.cc(281)] could not read dos header from C:\Windows\system32\shlwapi.dll
[0907/150714:ERROR:process_reader_win.cc(233)] ReadMemory at 0x7ff8e5d80000 of 64 bytes failed: Only part of a ReadProcessMemory or WriteProcessMemory request was completed. (0x12B)
[0907/150714:WARNING:pe_image_reader.cc(281)] could not read dos header from C:\Windows\system32\kernel.appcore.dll
[0907/150714:ERROR:process_reader_win.cc(233)] ReadMemory at 0x7ff8e5d90000 of 64 bytes failed: Only part of a ReadProcessMemory or WriteProcessMemory request was completed. (0x12B)
[0907/150714:WARNING:pe_image_reader.cc(281)] could not read dos header from C:\Windows\system32\shcore.dll
[0907/150714:ERROR:process_reader_win.cc(233)] ReadMemory at 0x7ff8e5d20000 of 64 bytes failed: Only part of a ReadProcessMemory or WriteProcessMemory request was completed. (0x12B)
[0907/150714:WARNING:pe_image_reader.cc(281)] could not read dos header from C:\Windows\system32\powrprof.dll
[0907/150714:ERROR:process_reader_win.cc(233)] ReadMemory at 0x7ff8e5ee0000 of 64 bytes failed: Only part of a ReadProcessMemory or WriteProcessMemory request was completed. (0x12B)
[0907/150714:WARNING:pe_image_reader.cc(281)] could not read dos header from C:\Windows\system32\windows.storage.dll
[0907/150714:ERROR:process_reader_win.cc(233)] ReadMemory at 0x7ff8e7af0000 of 64 bytes failed: Only part of a ReadProcessMemory or WriteProcessMemory request was completed. (0x12B)
[0907/150714:WARNING:pe_image_reader.cc(281)] could not read dos header from C:\Windows\system32\SHELL32.dll
[0907/150714:ERROR:process_reader_win.cc(233)] ReadMemory at 0x7ff8e7620000 of 64 bytes failed: Only part of a ReadProcessMemory or WriteProcessMemory request was completed. (0x12B)
[0907/150714:WARNING:pe_image_reader.cc(281)] could not read dos header from C:\Windows\system32\PSAPI.DLL
[0907/150714:ERROR:process_reader_win.cc(233)] ReadMemory at 0x7ff8e5b90000 of 64 bytes failed: Only part of a ReadProcessMemory or WriteProcessMemory request was completed. (0x12B)
[0907/150714:WARNING:pe_image_reader.cc(281)] could not read dos header from C:\Windows\SYSTEM32\bcrypt.dll
[0907/150714:ERROR:process_reader_win.cc(233)] ReadMemory at 0x7ff8ddaf0000 of 64 bytes failed: Only part of a ReadProcessMemory or WriteProcessMemory request was completed. (0x12B)
[0907/150714:WARNING:pe_image_reader.cc(281)] could not read dos header from C:\Windows\SYSTEM32\WINSPOOL.DRV
[0907/150714:ERROR:process_reader_win.cc(233)] ReadMemory at 0x7ff8d8300000 of 64 bytes failed: Only part of a ReadProcessMemory or WriteProcessMemory request was completed. (0x12B)
[0907/150714:WARNING:pe_image_reader.cc(281)] could not read dos header from C:\Windows\WinSxS\amd64_microsoft.windows.common-controls_6595b64144ccf1df_6.0.10586.494_none_a2d8b04ea53e3145\COMCTL32.dll
[0907/150714:ERROR:process_reader_win.cc(233)] ReadMemory at 0x7ff8e5e50000 of 64 bytes failed: Only part of a ReadProcessMemory or WriteProcessMemory request was completed. (0x12B)
[0907/150714:WARNING:pe_image_reader.cc(281)] could not read dos header from C:\Windows\system32\FirewallAPI.dll
[0907/150714:ERROR:process_reader_win.cc(233)] ReadMemory at 0x7ff8e4850000 of 64 bytes failed: Only part of a ReadProcessMemory or WriteProcessMemory request was completed. (0x12B)
[0907/150714:WARNING:pe_image_reader.cc(281)] could not read dos header from C:\Windows\system32\fwbase.dll
[0907/150714:ERROR:process_reader_win.cc(233)] ReadMemory at 0x7ff8e6530000 of 64 bytes failed: Only part of a ReadProcessMemory or WriteProcessMemory request was completed. (0x12B)
[0907/150714:WARNING:pe_image_reader.cc(281)] could not read dos header from C:\Windows\system32\NETAPI32.dll
[0907/150714:ERROR:process_reader_win.cc(233)] ReadMemory at 0x7ff8e2810000 of 64 bytes failed: Only part of a ReadProcessMemory or WriteProcessMemory request was completed. (0x12B)
[0907/150714:WARNING:pe_image_reader.cc(281)] could not read dos header from C:\Windows\SYSTEM32\DAVHLPR.DLL
[0907/150714:ERROR:process_reader_win.cc(233)] ReadMemory at 0x7ff8e7040000 of 64 bytes failed: Only part of a ReadProcessMemory or WriteProcessMemory request was completed. (0x12B)
[0907/150714:WARNING:pe_image_reader.cc(281)] could not read dos header from C:\Windows\system32\COMDLG32.dll
[0907/150714:ERROR:process_reader_win.cc(233)] ReadMemory at 0x7ff8e72a0000 of 64 bytes failed: Only part of a ReadProcessMemory or WriteProcessMemory request was completed. (0x12B)
[0907/150714:WARNING:pe_image_reader.cc(281)] could not read dos header from C:\Windows\system32\ole32.dll
[0907/150714:ERROR:process_reader_win.cc(233)] ReadMemory at 0x7ff8e77a0000 of 64 bytes failed: Only part of a ReadProcessMemory or WriteProcessMemory request was completed. (0x12B)
[0907/150714:WARNING:pe_image_reader.cc(281)] could not read dos header from C:\Windows\system32\OLEAUT32.dll
[0907/150714:ERROR:process_reader_win.cc(233)] ReadMemory at 0x7ff8e37b0000 of 64 bytes failed: Only part of a ReadProcessMemory or WriteProcessMemory request was completed. (0x12B)
[0907/150714:WARNING:pe_image_reader.cc(281)] could not read dos header from C:\Windows\SYSTEM32\IPHLPAPI.DLL
[0907/150714:ERROR:process_reader_win.cc(233)] ReadMemory at 0x7ff8e7630000 of 64 bytes failed: Only part of a ReadProcessMemory or WriteProcessMemory request was completed. (0x12B)
[0907/150714:WARNING:pe_image_reader.cc(281)] could not read dos header from C:\Windows\system32\WS2_32.dll
[0907/150714:ERROR:process_reader_win.cc(233)] ReadMemory at 0x7ff8db270000 of 64 bytes failed: Only part of a ReadProcessMemory or WriteProcessMemory request was completed. (0x12B)
[0907/150714:WARNING:pe_image_reader.cc(281)] could not read dos header from C:\Windows\SYSTEM32\USP10.dll
[0907/150714:ERROR:process_reader_win.cc(233)] ReadMemory at 0x7ff8e5d70000 of 64 bytes failed: Only part of a ReadProcessMemory or WriteProcessMemory request was completed. (0x12B)
[0907/150714:WARNING:pe_image_reader.cc(281)] could not read dos header from C:\Windows\system32\MSASN1.dll
[0907/150714:ERROR:process_reader_win.cc(233)] ReadMemory at 0x7ff8e6600000 of 64 bytes failed: Only part of a ReadProcessMemory or WriteProcessMemory request was completed. (0x12B)
[0907/150714:WARNING:pe_image_reader.cc(281)] could not read dos header from C:\Windows\system32\CRYPT32.dll
[0907/150714:ERROR:process_reader_win.cc(233)] ReadMemory at 0x7ff8e6a80000 of 64 bytes failed: Only part of a ReadProcessMemory or WriteProcessMemory request was completed. (0x12B)
[0907/150714:WARNING:pe_image_reader.cc(281)] could not read dos header from C:\Windows\system32\WINTRUST.dll
[0907/150714:ERROR:process_reader_win.cc(233)] ReadMemory at 0x7ff8e3740000 of 64 bytes failed: Only part of a ReadProcessMemory or WriteProcessMemory request was completed. (0x12B)
[0907/150714:WARNING:pe_image_reader.cc(281)] could not read dos header from C:\Windows\SYSTEM32\Secur32.dll
[0907/150714:ERROR:process_reader_win.cc(233)] ReadMemory at 0x7ff8e59e0000 of 64 bytes failed: Only part of a ReadProcessMemory or WriteProcessMemory request was completed. (0x12B)
[0907/150714:WARNING:pe_image_reader.cc(281)] could not read dos header from C:\Windows\SYSTEM32\SSPICLI.DLL
[0907/150714:ERROR:process_reader_win.cc(233)] ReadMemory at 0x7ff8bf710000 of 64 bytes failed: Only part of a ReadProcessMemory or WriteProcessMemory request was completed. (0x12B)
[0907/150714:WARNING:pe_image_reader.cc(281)] could not read dos header from C:\Program Files (x86)\Google\Chrome\Application\52.0.2743.116\chrome_child.dll
[0907/150714:ERROR:process_reader_win.cc(233)] ReadMemory at 0x7ff8ded10000 of 64 bytes failed: Only part of a ReadProcessMemory or WriteProcessMemory request was completed. (0x12B)
[0907/150714:WARNING:pe_image_reader.cc(281)] could not read dos header from C:\Windows\SYSTEM32\dwrite.dll
[0907/150714:ERROR:process_reader_win.cc(233)] ReadMemory at 0x7ff713979170 of 12 bytes failed: Only part of a ReadProcessMemory or WriteProcessMemory request was completed. (0x12B)
[0907/150714:WARNING:process_snapshot_win.cc(104)] ReadMemory ExceptionInformation failed
[0907/150714:WARNING:crash_report_exception_handler.cc(60)] ProcessSnapshotWin::InitializeException failed
[0907/150714:ERROR:scoped_process_suspend.cc(38)] NtResumeProcess, ntstatus=-1073741558
